<?xml version="1.0" encoding="utf-8"?><testsuites name="pytest tests"><testsuite name="pytest" errors="0" failures="1" skipped="0" tests="38" time="3.569" timestamp="2026-05-31T14:40:07.397815+00:00" hostname="agent-env-ca697697-9cec-49ca-b670-36dfb139aac5"><testcase classname="backend.tests.test_iteration2.TestBookings" name="test_create_booking_public" time="0.267" /><testcase classname="backend.tests.test_iteration2.TestBookings" name="test_create_booking_invalid_email" time="0.059" /><testcase classname="backend.tests.test_iteration2.TestBookings" name="test_list_bookings_requires_admin" time="0.056" /><testcase classname="backend.tests.test_iteration2.TestBookings" name="test_list_bookings_with_admin" time="0.215" /><testcase classname="backend.tests.test_iteration2.TestLeads" name="test_create_lead_public" time="0.100" /><testcase classname="backend.tests.test_iteration2.TestLeads" name="test_create_lead_invalid_email" time="0.097" /><testcase classname="backend.tests.test_iteration2.TestLeads" name="test_list_leads_requires_admin" time="0.063" /><testcase classname="backend.tests.test_iteration2.TestLeads" name="test_list_leads_with_admin" time="0.046" /><testcase classname="backend.tests.test_iteration2.TestContactAdmin" name="test_list_contact_requires_admin" time="0.055" /><testcase classname="backend.tests.test_iteration2.TestContactAdmin" name="test_list_contact_with_admin" time="0.046" /><testcase classname="backend.tests.test_iteration2.TestResources" name="test_list_resources_seeded" time="0.053" /><testcase classname="backend.tests.test_iteration2.TestResources" name="test_get_resource_by_slug" time="0.050" /><testcase classname="backend.tests.test_iteration2.TestResources" name="test_get_unknown_resource_404" time="0.055" /><testcase classname="backend.tests.test_iteration2.TestResources" name="test_create_resource_requires_admin" time="0.054" /><testcase classname="backend.tests.test_iteration2.TestResources" name="test_create_resource_with_admin" time="0.194" /><testcase classname="backend.tests.test_iteration2.TestResources" name="test_delete_resource_requires_admin" time="0.075" /><testcase classname="backend.tests.test_iteration2.TestResources" name="test_delete_unknown_resource_404" time="0.046" /><testcase classname="backend.tests.test_iteration2.TestRegression" name="test_root" time="0.051" /><testcase classname="backend.tests.test_iteration2.TestRegression" name="test_health" time="0.071" /><testcase classname="backend.tests.test_iteration2.TestRegression" name="test_contact_post_public" time="0.057" /><testcase classname="backend.tests.test_iteration2.TestRegression" name="test_newsletter_idempotent" time="0.119" /><testcase classname="backend.tests.test_iteration2.TestRegression" name="test_jobs" time="0.055" /><testcase classname="backend.tests.test_iteration2.TestRegression" name="test_careers_apply" time="0.060" /><testcase classname="backend.tests.test_datamosh_api.TestHealth" name="test_root" time="0.152" /><testcase classname="backend.tests.test_datamosh_api.TestHealth" name="test_health" time="0.050" /><testcase classname="backend.tests.test_datamosh_api.TestContact" name="test_contact_create_valid" time="0.052" /><testcase classname="backend.tests.test_datamosh_api.TestContact" name="test_contact_invalid_email" time="0.054" /><testcase classname="backend.tests.test_datamosh_api.TestContact" name="test_contact_missing_required" time="0.058" /><testcase classname="backend.tests.test_datamosh_api.TestContact" name="test_contact_list" time="0.049"><failure message="assert 401 == 200&#10; +  where 401 = &lt;Response [401]&gt;.status_code">backend/tests/test_datamosh_api.py:69: in test_contact_list
    assert r.status_code == 200
E   assert 401 == 200
E    +  where 401 = &lt;Response [401]&gt;.status_code</failure></testcase><testcase classname="backend.tests.test_datamosh_api.TestNewsletter" name="test_subscribe_and_idempotent" time="0.108" /><testcase classname="backend.tests.test_datamosh_api.TestNewsletter" name="test_newsletter_invalid_email" time="0.052" /><testcase classname="backend.tests.test_datamosh_api.TestCareers" name="test_list_jobs" time="0.127" /><testcase classname="backend.tests.test_datamosh_api.TestCareers" name="test_filter_department" time="0.052" /><testcase classname="backend.tests.test_datamosh_api.TestCareers" name="test_filter_all" time="0.056" /><testcase classname="backend.tests.test_datamosh_api.TestCareers" name="test_get_specific_job" time="0.060" /><testcase classname="backend.tests.test_datamosh_api.TestCareers" name="test_get_unknown_job_404" time="0.059" /><testcase classname="backend.tests.test_datamosh_api.TestCareers" name="test_apply" time="0.057" /><testcase classname="backend.tests.test_datamosh_api.TestCareers" name="test_apply_invalid_email" time="0.053" /></testsuite></testsuites>