<?xml version="1.0" encoding="utf-8"?><testsuites name="pytest tests"><testsuite name="pytest" errors="0" failures="0" skipped="0" tests="15" time="1.455" timestamp="2026-05-14T14:44:44.511121+00:00" hostname="agent-env-ca697697-9cec-49ca-b670-36dfb139aac5"><testcase classname="backend.tests.test_datamosh_api.TestHealth" name="test_root" time="0.255" /><testcase classname="backend.tests.test_datamosh_api.TestHealth" name="test_health" time="0.053" /><testcase classname="backend.tests.test_datamosh_api.TestContact" name="test_contact_create_valid" time="0.097" /><testcase classname="backend.tests.test_datamosh_api.TestContact" name="test_contact_invalid_email" time="0.059" /><testcase classname="backend.tests.test_datamosh_api.TestContact" name="test_contact_missing_required" time="0.053" /><testcase classname="backend.tests.test_datamosh_api.TestContact" name="test_contact_list" time="0.068" /><testcase classname="backend.tests.test_datamosh_api.TestNewsletter" name="test_subscribe_and_idempotent" time="0.126" /><testcase classname="backend.tests.test_datamosh_api.TestNewsletter" name="test_newsletter_invalid_email" time="0.052" /><testcase classname="backend.tests.test_datamosh_api.TestCareers" name="test_list_jobs" time="0.050" /><testcase classname="backend.tests.test_datamosh_api.TestCareers" name="test_filter_department" time="0.071" /><testcase classname="backend.tests.test_datamosh_api.TestCareers" name="test_filter_all" time="0.055" /><testcase classname="backend.tests.test_datamosh_api.TestCareers" name="test_get_specific_job" time="0.051" /><testcase classname="backend.tests.test_datamosh_api.TestCareers" name="test_get_unknown_job_404" time="0.058" /><testcase classname="backend.tests.test_datamosh_api.TestCareers" name="test_apply" time="0.078" /><testcase classname="backend.tests.test_datamosh_api.TestCareers" name="test_apply_invalid_email" time="0.051" /></testsuite></testsuites>